<?xml version="1.0" encoding="UTF-8"?>
<!-- Generated by org.testng.reporters.JUnitReportReporter -->
<testsuite hostname="User-PC" failures="0" tests="1" name="runnerClass.RunnerIO" time="17.098" errors="0" timestamp="2024-11-20T21:29:37 IST" skipped="0">
  <testcase classname="runnerClass.RunnerIO" name="runScenario" time="17.098"/>
  <system-out/>
</testsuite> <!-- runnerClass.RunnerIO -->
